2018-mai-10 10:19:32 [JavaFX Application Thread] FATAL levy.daniel.application.vues.desktop.metier.personne.PersonneVueFxml - Impossible de créer le personneAnchorPane à partir des fichiers XML
javafx.fxml.LoadException: 
/D:/Donnees/eclipse/eclipseworkspace_oxygen/adresses_javafx/target/classes/levy/daniel/application/vues/desktop/metier/personne/PersonneVue.fxml:16

	at javafx.fxml.FXMLLoader.constructLoadException(FXMLLoader.java:2601) ~[jfxrt.jar:?]
	at javafx.fxml.FXMLLoader.access$700(FXMLLoader.java:103) ~[jfxrt.jar:?]
	at javafx.fxml.FXMLLoader$ValueElement.processAttribute(FXMLLoader.java:922) ~[jfxrt.jar:?]
	at javafx.fxml.FXMLLoader$InstanceDeclarationElement.processAttribute(FXMLLoader.java:971) ~[jfxrt.jar:?]
	at javafx.fxml.FXMLLoader$Element.processStartElement(FXMLLoader.java:220) ~[jfxrt.jar:?]
	at javafx.fxml.FXMLLoader$ValueElement.processStartElement(FXMLLoader.java:744) ~[jfxrt.jar:?]
	at javafx.fxml.FXMLLoader.processStartElement(FXMLLoader.java:2707) ~[jfxrt.jar:?]
	at javafx.fxml.FXMLLoader.loadImpl(FXMLLoader.java:2527) ~[jfxrt.jar:?]
	at javafx.fxml.FXMLLoader.loadImpl(FXMLLoader.java:2441) ~[jfxrt.jar:?]
	at javafx.fxml.FXMLLoader.load(FXMLLoader.java:2409) ~[jfxrt.jar:?]
	at levy.daniel.application.vues.desktop.metier.personne.PersonneVueFxml.dessiner(PersonneVueFxml.java:109) ~[classes/:?]
	at levy.daniel.application.vues.desktop.metier.personne.PersonneVueFxml.<init>(PersonneVueFxml.java:77) ~[classes/:?]
	at levy.daniel.application.controllers.desktop.accueil.impl.AccueilController.dessinerVueAnchorPanePersonne(AccueilController.java:142) ~[classes/:?]
	at levy.daniel.application.controllers.desktop.accueil.impl.AccueilController.preparerSceneAccueil(AccueilController.java:124) ~[classes/:?]
	at levy.daniel.application.controllers.desktop.accueil.impl.AccueilController.<init>(AccueilController.java:102) ~[classes/:?]
	at levy.daniel.application.MainApplication.initRootLayout(MainApplication.java:140) ~[classes/:?]
	at levy.daniel.application.MainApplication.start(MainApplication.java:93) ~[classes/:?]
	at com.sun.javafx.application.LauncherImpl.lambda$launchApplication1$162(LauncherImpl.java:863) ~[jfxrt.jar:?]
	at com.sun.javafx.application.PlatformImpl.lambda$runAndWait$175(PlatformImpl.java:326) ~[jfxrt.jar:?]
	at com.sun.javafx.application.PlatformImpl.lambda$null$173(PlatformImpl.java:295) ~[jfxrt.jar:?]
	at java.security.AccessController.doPrivileged(Native Method) ~[?:1.8.0_144]
	at com.sun.javafx.application.PlatformImpl.lambda$runLater$174(PlatformImpl.java:294) ~[jfxrt.jar:?]
	at com.sun.glass.ui.InvokeLaterDispatcher$Future.run(InvokeLaterDispatcher.java:95) ~[jfxrt.jar:?]
	at com.sun.glass.ui.win.WinApplication._runLoop(Native Method) ~[jfxrt.jar:?]
	at com.sun.glass.ui.win.WinApplication.lambda$null$148(WinApplication.java:191) ~[jfxrt.jar:?]
	at java.lang.Thread.run(Thread.java:748) [?:1.8.0_144]
Caused by: java.lang.ClassNotFoundException: ListePersonnesController
	at java.net.URLClassLoader.findClass(URLClassLoader.java:381) ~[?:1.8.0_144]
	at java.lang.ClassLoader.loadClass(ClassLoader.java:424) ~[?:1.8.0_144]
	at sun.misc.Launcher$AppClassLoader.loadClass(Launcher.java:335) ~[?:1.8.0_144]
	at java.lang.ClassLoader.loadClass(ClassLoader.java:357) ~[?:1.8.0_144]
	at javafx.fxml.FXMLLoader$ValueElement.processAttribute(FXMLLoader.java:920) ~[jfxrt.jar:?]
	... 23 more
2018-mai-10 10:22:04 [JavaFX Application Thread] FATAL levy.daniel.application.vues.desktop.metier.personne.PersonneVueFxml - Impossible de créer le personneAnchorPane à partir des fichiers XML
javafx.fxml.LoadException: 
/D:/Donnees/eclipse/eclipseworkspace_oxygen/adresses_javafx/target/classes/levy/daniel/application/vues/desktop/metier/personne/PersonneVue.fxml:16

	at javafx.fxml.FXMLLoader.constructLoadException(FXMLLoader.java:2601) ~[jfxrt.jar:?]
	at javafx.fxml.FXMLLoader.access$700(FXMLLoader.java:103) ~[jfxrt.jar:?]
	at javafx.fxml.FXMLLoader$ValueElement.processAttribute(FXMLLoader.java:922) ~[jfxrt.jar:?]
	at javafx.fxml.FXMLLoader$InstanceDeclarationElement.processAttribute(FXMLLoader.java:971) ~[jfxrt.jar:?]
	at javafx.fxml.FXMLLoader$Element.processStartElement(FXMLLoader.java:220) ~[jfxrt.jar:?]
	at javafx.fxml.FXMLLoader$ValueElement.processStartElement(FXMLLoader.java:744) ~[jfxrt.jar:?]
	at javafx.fxml.FXMLLoader.processStartElement(FXMLLoader.java:2707) ~[jfxrt.jar:?]
	at javafx.fxml.FXMLLoader.loadImpl(FXMLLoader.java:2527) ~[jfxrt.jar:?]
	at javafx.fxml.FXMLLoader.loadImpl(FXMLLoader.java:2441) ~[jfxrt.jar:?]
	at javafx.fxml.FXMLLoader.load(FXMLLoader.java:2409) ~[jfxrt.jar:?]
	at levy.daniel.application.vues.desktop.metier.personne.PersonneVueFxml.dessiner(PersonneVueFxml.java:109) ~[classes/:?]
	at levy.daniel.application.vues.desktop.metier.personne.PersonneVueFxml.<init>(PersonneVueFxml.java:77) ~[classes/:?]
	at levy.daniel.application.controllers.desktop.accueil.impl.AccueilController.dessinerVueAnchorPanePersonne(AccueilController.java:142) ~[classes/:?]
	at levy.daniel.application.controllers.desktop.accueil.impl.AccueilController.preparerSceneAccueil(AccueilController.java:124) ~[classes/:?]
	at levy.daniel.application.controllers.desktop.accueil.impl.AccueilController.<init>(AccueilController.java:102) ~[classes/:?]
	at levy.daniel.application.MainApplication.initRootLayout(MainApplication.java:140) ~[classes/:?]
	at levy.daniel.application.MainApplication.start(MainApplication.java:93) ~[classes/:?]
	at com.sun.javafx.application.LauncherImpl.lambda$launchApplication1$162(LauncherImpl.java:863) ~[jfxrt.jar:?]
	at com.sun.javafx.application.PlatformImpl.lambda$runAndWait$175(PlatformImpl.java:326) ~[jfxrt.jar:?]
	at com.sun.javafx.application.PlatformImpl.lambda$null$173(PlatformImpl.java:295) ~[jfxrt.jar:?]
	at java.security.AccessController.doPrivileged(Native Method) ~[?:1.8.0_144]
	at com.sun.javafx.application.PlatformImpl.lambda$runLater$174(PlatformImpl.java:294) ~[jfxrt.jar:?]
	at com.sun.glass.ui.InvokeLaterDispatcher$Future.run(InvokeLaterDispatcher.java:95) ~[jfxrt.jar:?]
	at com.sun.glass.ui.win.WinApplication._runLoop(Native Method) ~[jfxrt.jar:?]
	at com.sun.glass.ui.win.WinApplication.lambda$null$148(WinApplication.java:191) ~[jfxrt.jar:?]
	at java.lang.Thread.run(Thread.java:748) [?:1.8.0_144]
Caused by: java.lang.ClassNotFoundException: ListePersonnesController
	at java.net.URLClassLoader.findClass(URLClassLoader.java:381) ~[?:1.8.0_144]
	at java.lang.ClassLoader.loadClass(ClassLoader.java:424) ~[?:1.8.0_144]
	at sun.misc.Launcher$AppClassLoader.loadClass(Launcher.java:335) ~[?:1.8.0_144]
	at java.lang.ClassLoader.loadClass(ClassLoader.java:357) ~[?:1.8.0_144]
	at javafx.fxml.FXMLLoader$ValueElement.processAttribute(FXMLLoader.java:920) ~[jfxrt.jar:?]
	... 23 more
2018-mai-10 10:23:57 [JavaFX Application Thread] FATAL levy.daniel.application.vues.desktop.metier.personne.PersonneVueFxml - Impossible de créer le personneAnchorPane à partir des fichiers XML
javafx.fxml.LoadException: 
/D:/Donnees/eclipse/eclipseworkspace_oxygen/adresses_javafx/target/classes/levy/daniel/application/vues/desktop/metier/personne/PersonneVue.fxml:16

	at javafx.fxml.FXMLLoader.constructLoadException(FXMLLoader.java:2601) ~[jfxrt.jar:?]
	at javafx.fxml.FXMLLoader.access$700(FXMLLoader.java:103) ~[jfxrt.jar:?]
	at javafx.fxml.FXMLLoader$ValueElement.processAttribute(FXMLLoader.java:922) ~[jfxrt.jar:?]
	at javafx.fxml.FXMLLoader$InstanceDeclarationElement.processAttribute(FXMLLoader.java:971) ~[jfxrt.jar:?]
	at javafx.fxml.FXMLLoader$Element.processStartElement(FXMLLoader.java:220) ~[jfxrt.jar:?]
	at javafx.fxml.FXMLLoader$ValueElement.processStartElement(FXMLLoader.java:744) ~[jfxrt.jar:?]
	at javafx.fxml.FXMLLoader.processStartElement(FXMLLoader.java:2707) ~[jfxrt.jar:?]
	at javafx.fxml.FXMLLoader.loadImpl(FXMLLoader.java:2527) ~[jfxrt.jar:?]
	at javafx.fxml.FXMLLoader.loadImpl(FXMLLoader.java:2441) ~[jfxrt.jar:?]
	at javafx.fxml.FXMLLoader.load(FXMLLoader.java:2409) ~[jfxrt.jar:?]
	at levy.daniel.application.vues.desktop.metier.personne.PersonneVueFxml.dessiner(PersonneVueFxml.java:109) ~[classes/:?]
	at levy.daniel.application.vues.desktop.metier.personne.PersonneVueFxml.<init>(PersonneVueFxml.java:77) ~[classes/:?]
	at levy.daniel.application.controllers.desktop.accueil.impl.AccueilController.dessinerVueAnchorPanePersonne(AccueilController.java:142) ~[classes/:?]
	at levy.daniel.application.controllers.desktop.accueil.impl.AccueilController.preparerSceneAccueil(AccueilController.java:124) ~[classes/:?]
	at levy.daniel.application.controllers.desktop.accueil.impl.AccueilController.<init>(AccueilController.java:102) ~[classes/:?]
	at levy.daniel.application.MainApplication.initRootLayout(MainApplication.java:140) ~[classes/:?]
	at levy.daniel.application.MainApplication.start(MainApplication.java:93) ~[classes/:?]
	at com.sun.javafx.application.LauncherImpl.lambda$launchApplication1$162(LauncherImpl.java:863) ~[jfxrt.jar:?]
	at com.sun.javafx.application.PlatformImpl.lambda$runAndWait$175(PlatformImpl.java:326) ~[jfxrt.jar:?]
	at com.sun.javafx.application.PlatformImpl.lambda$null$173(PlatformImpl.java:295) ~[jfxrt.jar:?]
	at java.security.AccessController.doPrivileged(Native Method) ~[?:1.8.0_144]
	at com.sun.javafx.application.PlatformImpl.lambda$runLater$174(PlatformImpl.java:294) ~[jfxrt.jar:?]
	at com.sun.glass.ui.InvokeLaterDispatcher$Future.run(InvokeLaterDispatcher.java:95) ~[jfxrt.jar:?]
	at com.sun.glass.ui.win.WinApplication._runLoop(Native Method) ~[jfxrt.jar:?]
	at com.sun.glass.ui.win.WinApplication.lambda$null$148(WinApplication.java:191) ~[jfxrt.jar:?]
	at java.lang.Thread.run(Thread.java:748) [?:1.8.0_144]
Caused by: java.lang.ClassNotFoundException: ListePersonnesController
	at java.net.URLClassLoader.findClass(URLClassLoader.java:381) ~[?:1.8.0_144]
	at java.lang.ClassLoader.loadClass(ClassLoader.java:424) ~[?:1.8.0_144]
	at sun.misc.Launcher$AppClassLoader.loadClass(Launcher.java:335) ~[?:1.8.0_144]
	at java.lang.ClassLoader.loadClass(ClassLoader.java:357) ~[?:1.8.0_144]
	at javafx.fxml.FXMLLoader$ValueElement.processAttribute(FXMLLoader.java:920) ~[jfxrt.jar:?]
	... 23 more
2018-mai-10 10:26:43 [JavaFX Application Thread] FATAL levy.daniel.application.vues.desktop.metier.personne.PersonneVueFxml - Impossible de créer le personneAnchorPane à partir des fichiers XML
javafx.fxml.LoadException: 
/D:/Donnees/eclipse/eclipseworkspace_oxygen/adresses_javafx/target/classes/levy/daniel/application/vues/desktop/metier/personne/PersonneVue.fxml:16

	at javafx.fxml.FXMLLoader.constructLoadException(FXMLLoader.java:2601) ~[jfxrt.jar:?]
	at javafx.fxml.FXMLLoader.access$700(FXMLLoader.java:103) ~[jfxrt.jar:?]
	at javafx.fxml.FXMLLoader$ValueElement.processAttribute(FXMLLoader.java:922) ~[jfxrt.jar:?]
	at javafx.fxml.FXMLLoader$InstanceDeclarationElement.processAttribute(FXMLLoader.java:971) ~[jfxrt.jar:?]
	at javafx.fxml.FXMLLoader$Element.processStartElement(FXMLLoader.java:220) ~[jfxrt.jar:?]
	at javafx.fxml.FXMLLoader$ValueElement.processStartElement(FXMLLoader.java:744) ~[jfxrt.jar:?]
	at javafx.fxml.FXMLLoader.processStartElement(FXMLLoader.java:2707) ~[jfxrt.jar:?]
	at javafx.fxml.FXMLLoader.loadImpl(FXMLLoader.java:2527) ~[jfxrt.jar:?]
	at javafx.fxml.FXMLLoader.loadImpl(FXMLLoader.java:2441) ~[jfxrt.jar:?]
	at javafx.fxml.FXMLLoader.load(FXMLLoader.java:2409) ~[jfxrt.jar:?]
	at levy.daniel.application.vues.desktop.metier.personne.PersonneVueFxml.dessiner(PersonneVueFxml.java:109) ~[classes/:?]
	at levy.daniel.application.vues.desktop.metier.personne.PersonneVueFxml.<init>(PersonneVueFxml.java:77) ~[classes/:?]
	at levy.daniel.application.controllers.desktop.accueil.impl.AccueilController.dessinerVueAnchorPanePersonne(AccueilController.java:142) ~[classes/:?]
	at levy.daniel.application.controllers.desktop.accueil.impl.AccueilController.preparerSceneAccueil(AccueilController.java:124) ~[classes/:?]
	at levy.daniel.application.controllers.desktop.accueil.impl.AccueilController.<init>(AccueilController.java:102) ~[classes/:?]
	at levy.daniel.application.MainApplication.initRootLayout(MainApplication.java:140) ~[classes/:?]
	at levy.daniel.application.MainApplication.start(MainApplication.java:93) ~[classes/:?]
	at com.sun.javafx.application.LauncherImpl.lambda$launchApplication1$162(LauncherImpl.java:863) ~[jfxrt.jar:?]
	at com.sun.javafx.application.PlatformImpl.lambda$runAndWait$175(PlatformImpl.java:326) ~[jfxrt.jar:?]
	at com.sun.javafx.application.PlatformImpl.lambda$null$173(PlatformImpl.java:295) ~[jfxrt.jar:?]
	at java.security.AccessController.doPrivileged(Native Method) ~[?:1.8.0_144]
	at com.sun.javafx.application.PlatformImpl.lambda$runLater$174(PlatformImpl.java:294) ~[jfxrt.jar:?]
	at com.sun.glass.ui.InvokeLaterDispatcher$Future.run(InvokeLaterDispatcher.java:95) ~[jfxrt.jar:?]
	at com.sun.glass.ui.win.WinApplication._runLoop(Native Method) ~[jfxrt.jar:?]
	at com.sun.glass.ui.win.WinApplication.lambda$null$148(WinApplication.java:191) ~[jfxrt.jar:?]
	at java.lang.Thread.run(Thread.java:748) [?:1.8.0_144]
Caused by: java.lang.ClassNotFoundException: ListePersonnesController
	at java.net.URLClassLoader.findClass(URLClassLoader.java:381) ~[?:1.8.0_144]
	at java.lang.ClassLoader.loadClass(ClassLoader.java:424) ~[?:1.8.0_144]
	at sun.misc.Launcher$AppClassLoader.loadClass(Launcher.java:335) ~[?:1.8.0_144]
	at java.lang.ClassLoader.loadClass(ClassLoader.java:357) ~[?:1.8.0_144]
	at javafx.fxml.FXMLLoader$ValueElement.processAttribute(FXMLLoader.java:920) ~[jfxrt.jar:?]
	... 23 more
2018-mai-10 10:30:40 [JavaFX Application Thread] FATAL levy.daniel.application.vues.desktop.metier.personne.PersonneVueFxml - Impossible de créer le personneAnchorPane à partir des fichiers XML
javafx.fxml.LoadException: 
/D:/Donnees/eclipse/eclipseworkspace_oxygen/adresses_javafx/target/classes/levy/daniel/application/vues/desktop/metier/personne/PersonneVue.fxml:16

	at javafx.fxml.FXMLLoader.constructLoadException(FXMLLoader.java:2601) ~[jfxrt.jar:?]
	at javafx.fxml.FXMLLoader.access$700(FXMLLoader.java:103) ~[jfxrt.jar:?]
	at javafx.fxml.FXMLLoader$ValueElement.processAttribute(FXMLLoader.java:922) ~[jfxrt.jar:?]
	at javafx.fxml.FXMLLoader$InstanceDeclarationElement.processAttribute(FXMLLoader.java:971) ~[jfxrt.jar:?]
	at javafx.fxml.FXMLLoader$Element.processStartElement(FXMLLoader.java:220) ~[jfxrt.jar:?]
	at javafx.fxml.FXMLLoader$ValueElement.processStartElement(FXMLLoader.java:744) ~[jfxrt.jar:?]
	at javafx.fxml.FXMLLoader.processStartElement(FXMLLoader.java:2707) ~[jfxrt.jar:?]
	at javafx.fxml.FXMLLoader.loadImpl(FXMLLoader.java:2527) ~[jfxrt.jar:?]
	at javafx.fxml.FXMLLoader.loadImpl(FXMLLoader.java:2441) ~[jfxrt.jar:?]
	at javafx.fxml.FXMLLoader.load(FXMLLoader.java:2409) ~[jfxrt.jar:?]
	at levy.daniel.application.vues.desktop.metier.personne.PersonneVueFxml.dessiner(PersonneVueFxml.java:109) ~[classes/:?]
	at levy.daniel.application.vues.desktop.metier.personne.PersonneVueFxml.<init>(PersonneVueFxml.java:77) ~[classes/:?]
	at levy.daniel.application.controllers.desktop.accueil.impl.AccueilController.dessinerVueAnchorPanePersonne(AccueilController.java:142) ~[classes/:?]
	at levy.daniel.application.controllers.desktop.accueil.impl.AccueilController.preparerSceneAccueil(AccueilController.java:124) ~[classes/:?]
	at levy.daniel.application.controllers.desktop.accueil.impl.AccueilController.<init>(AccueilController.java:102) ~[classes/:?]
	at levy.daniel.application.MainApplication.initRootLayout(MainApplication.java:140) ~[classes/:?]
	at levy.daniel.application.MainApplication.start(MainApplication.java:93) ~[classes/:?]
	at com.sun.javafx.application.LauncherImpl.lambda$launchApplication1$162(LauncherImpl.java:863) ~[jfxrt.jar:?]
	at com.sun.javafx.application.PlatformImpl.lambda$runAndWait$175(PlatformImpl.java:326) ~[jfxrt.jar:?]
	at com.sun.javafx.application.PlatformImpl.lambda$null$173(PlatformImpl.java:295) ~[jfxrt.jar:?]
	at java.security.AccessController.doPrivileged(Native Method) ~[?:1.8.0_144]
	at com.sun.javafx.application.PlatformImpl.lambda$runLater$174(PlatformImpl.java:294) ~[jfxrt.jar:?]
	at com.sun.glass.ui.InvokeLaterDispatcher$Future.run(InvokeLaterDispatcher.java:95) ~[jfxrt.jar:?]
	at com.sun.glass.ui.win.WinApplication._runLoop(Native Method) ~[jfxrt.jar:?]
	at com.sun.glass.ui.win.WinApplication.lambda$null$148(WinApplication.java:191) ~[jfxrt.jar:?]
	at java.lang.Thread.run(Thread.java:748) [?:1.8.0_144]
Caused by: java.lang.ClassNotFoundException: ListePersonnesController
	at java.net.URLClassLoader.findClass(URLClassLoader.java:381) ~[?:1.8.0_144]
	at java.lang.ClassLoader.loadClass(ClassLoader.java:424) ~[?:1.8.0_144]
	at sun.misc.Launcher$AppClassLoader.loadClass(Launcher.java:335) ~[?:1.8.0_144]
	at java.lang.ClassLoader.loadClass(ClassLoader.java:357) ~[?:1.8.0_144]
	at javafx.fxml.FXMLLoader$ValueElement.processAttribute(FXMLLoader.java:920) ~[jfxrt.jar:?]
	... 23 more
2018-mai-10 10:35:16 [JavaFX Application Thread] FATAL levy.daniel.application.vues.desktop.metier.personne.PersonneVueFxml - Impossible de créer le personneAnchorPane à partir des fichiers XML
javafx.fxml.LoadException: 
/D:/Donnees/eclipse/eclipseworkspace_oxygen/adresses_javafx/target/classes/levy/daniel/application/vues/desktop/metier/personne/PersonneVue.fxml:16

	at javafx.fxml.FXMLLoader.constructLoadException(FXMLLoader.java:2601) ~[jfxrt.jar:?]
	at javafx.fxml.FXMLLoader.access$700(FXMLLoader.java:103) ~[jfxrt.jar:?]
	at javafx.fxml.FXMLLoader$ValueElement.processAttribute(FXMLLoader.java:932) ~[jfxrt.jar:?]
	at javafx.fxml.FXMLLoader$InstanceDeclarationElement.processAttribute(FXMLLoader.java:971) ~[jfxrt.jar:?]
	at javafx.fxml.FXMLLoader$Element.processStartElement(FXMLLoader.java:220) ~[jfxrt.jar:?]
	at javafx.fxml.FXMLLoader$ValueElement.processStartElement(FXMLLoader.java:744) ~[jfxrt.jar:?]
	at javafx.fxml.FXMLLoader.processStartElement(FXMLLoader.java:2707) ~[jfxrt.jar:?]
	at javafx.fxml.FXMLLoader.loadImpl(FXMLLoader.java:2527) ~[jfxrt.jar:?]
	at javafx.fxml.FXMLLoader.loadImpl(FXMLLoader.java:2441) ~[jfxrt.jar:?]
	at javafx.fxml.FXMLLoader.load(FXMLLoader.java:2409) ~[jfxrt.jar:?]
	at levy.daniel.application.vues.desktop.metier.personne.PersonneVueFxml.dessiner(PersonneVueFxml.java:109) ~[classes/:?]
	at levy.daniel.application.vues.desktop.metier.personne.PersonneVueFxml.<init>(PersonneVueFxml.java:77) ~[classes/:?]
	at levy.daniel.application.controllers.desktop.accueil.impl.AccueilController.dessinerVueAnchorPanePersonne(AccueilController.java:142) ~[classes/:?]
	at levy.daniel.application.controllers.desktop.accueil.impl.AccueilController.preparerSceneAccueil(AccueilController.java:124) ~[classes/:?]
	at levy.daniel.application.controllers.desktop.accueil.impl.AccueilController.<init>(AccueilController.java:102) ~[classes/:?]
	at levy.daniel.application.MainApplication.initRootLayout(MainApplication.java:140) ~[classes/:?]
	at levy.daniel.application.MainApplication.start(MainApplication.java:93) ~[classes/:?]
	at com.sun.javafx.application.LauncherImpl.lambda$launchApplication1$162(LauncherImpl.java:863) ~[jfxrt.jar:?]
	at com.sun.javafx.application.PlatformImpl.lambda$runAndWait$175(PlatformImpl.java:326) ~[jfxrt.jar:?]
	at com.sun.javafx.application.PlatformImpl.lambda$null$173(PlatformImpl.java:295) ~[jfxrt.jar:?]
	at java.security.AccessController.doPrivileged(Native Method) ~[?:1.8.0_144]
	at com.sun.javafx.application.PlatformImpl.lambda$runLater$174(PlatformImpl.java:294) ~[jfxrt.jar:?]
	at com.sun.glass.ui.InvokeLaterDispatcher$Future.run(InvokeLaterDispatcher.java:95) ~[jfxrt.jar:?]
	at com.sun.glass.ui.win.WinApplication._runLoop(Native Method) ~[jfxrt.jar:?]
	at com.sun.glass.ui.win.WinApplication.lambda$null$148(WinApplication.java:191) ~[jfxrt.jar:?]
	at java.lang.Thread.run(Thread.java:748) [?:1.8.0_144]
Caused by: java.lang.InstantiationException: levy.daniel.application.controllers.desktop.metier.personne.impl.ListePersonnesController
	at java.lang.Class.newInstance(Class.java:427) ~[?:1.8.0_144]
	at sun.reflect.misc.ReflectUtil.newInstance(ReflectUtil.java:51) ~[?:1.8.0_144]
	at javafx.fxml.FXMLLoader$ValueElement.processAttribute(FXMLLoader.java:927) ~[jfxrt.jar:?]
	... 23 more
Caused by: java.lang.NoSuchMethodException: levy.daniel.application.controllers.desktop.metier.personne.impl.ListePersonnesController.<init>()
	at java.lang.Class.getConstructor0(Class.java:3082) ~[?:1.8.0_144]
	at java.lang.Class.newInstance(Class.java:412) ~[?:1.8.0_144]
	at sun.reflect.misc.ReflectUtil.newInstance(ReflectUtil.java:51) ~[?:1.8.0_144]
	at javafx.fxml.FXMLLoader$ValueElement.processAttribute(FXMLLoader.java:927) ~[jfxrt.jar:?]
	... 23 more
2018-mai-10 10:38:37 [JavaFX Application Thread] FATAL levy.daniel.application.vues.desktop.metier.personne.PersonneVueFxml - Impossible de créer le personneAnchorPane à partir des fichiers XML
javafx.fxml.LoadException: 
/D:/Donnees/eclipse/eclipseworkspace_oxygen/adresses_javafx/target/classes/levy/daniel/application/vues/desktop/metier/personne/PersonneVue.fxml:16

	at javafx.fxml.FXMLLoader.constructLoadException(FXMLLoader.java:2601) ~[jfxrt.jar:?]
	at javafx.fxml.FXMLLoader.access$700(FXMLLoader.java:103) ~[jfxrt.jar:?]
	at javafx.fxml.FXMLLoader$ValueElement.processAttribute(FXMLLoader.java:932) ~[jfxrt.jar:?]
	at javafx.fxml.FXMLLoader$InstanceDeclarationElement.processAttribute(FXMLLoader.java:971) ~[jfxrt.jar:?]
	at javafx.fxml.FXMLLoader$Element.processStartElement(FXMLLoader.java:220) ~[jfxrt.jar:?]
	at javafx.fxml.FXMLLoader$ValueElement.processStartElement(FXMLLoader.java:744) ~[jfxrt.jar:?]
	at javafx.fxml.FXMLLoader.processStartElement(FXMLLoader.java:2707) ~[jfxrt.jar:?]
	at javafx.fxml.FXMLLoader.loadImpl(FXMLLoader.java:2527) ~[jfxrt.jar:?]
	at javafx.fxml.FXMLLoader.loadImpl(FXMLLoader.java:2441) ~[jfxrt.jar:?]
	at javafx.fxml.FXMLLoader.load(FXMLLoader.java:2409) ~[jfxrt.jar:?]
	at levy.daniel.application.vues.desktop.metier.personne.PersonneVueFxml.dessiner(PersonneVueFxml.java:109) ~[classes/:?]
	at levy.daniel.application.vues.desktop.metier.personne.PersonneVueFxml.<init>(PersonneVueFxml.java:77) ~[classes/:?]
	at levy.daniel.application.controllers.desktop.accueil.impl.AccueilController.dessinerVueAnchorPanePersonne(AccueilController.java:142) ~[classes/:?]
	at levy.daniel.application.controllers.desktop.accueil.impl.AccueilController.preparerSceneAccueil(AccueilController.java:124) ~[classes/:?]
	at levy.daniel.application.controllers.desktop.accueil.impl.AccueilController.<init>(AccueilController.java:102) ~[classes/:?]
	at levy.daniel.application.MainApplication.initRootLayout(MainApplication.java:140) ~[classes/:?]
	at levy.daniel.application.MainApplication.start(MainApplication.java:93) ~[classes/:?]
	at com.sun.javafx.application.LauncherImpl.lambda$launchApplication1$162(LauncherImpl.java:863) ~[jfxrt.jar:?]
	at com.sun.javafx.application.PlatformImpl.lambda$runAndWait$175(PlatformImpl.java:326) ~[jfxrt.jar:?]
	at com.sun.javafx.application.PlatformImpl.lambda$null$173(PlatformImpl.java:295) ~[jfxrt.jar:?]
	at java.security.AccessController.doPrivileged(Native Method) ~[?:1.8.0_144]
	at com.sun.javafx.application.PlatformImpl.lambda$runLater$174(PlatformImpl.java:294) ~[jfxrt.jar:?]
	at com.sun.glass.ui.InvokeLaterDispatcher$Future.run(InvokeLaterDispatcher.java:95) ~[jfxrt.jar:?]
	at com.sun.glass.ui.win.WinApplication._runLoop(Native Method) ~[jfxrt.jar:?]
	at com.sun.glass.ui.win.WinApplication.lambda$null$148(WinApplication.java:191) ~[jfxrt.jar:?]
	at java.lang.Thread.run(Thread.java:748) [?:1.8.0_144]
Caused by: java.lang.InstantiationException: levy.daniel.application.controllers.desktop.metier.personne.impl.ListePersonnesController
	at java.lang.Class.newInstance(Class.java:427) ~[?:1.8.0_144]
	at sun.reflect.misc.ReflectUtil.newInstance(ReflectUtil.java:51) ~[?:1.8.0_144]
	at javafx.fxml.FXMLLoader$ValueElement.processAttribute(FXMLLoader.java:927) ~[jfxrt.jar:?]
	... 23 more
Caused by: java.lang.NoSuchMethodException: levy.daniel.application.controllers.desktop.metier.personne.impl.ListePersonnesController.<init>()
	at java.lang.Class.getConstructor0(Class.java:3082) ~[?:1.8.0_144]
	at java.lang.Class.newInstance(Class.java:412) ~[?:1.8.0_144]
	at sun.reflect.misc.ReflectUtil.newInstance(ReflectUtil.java:51) ~[?:1.8.0_144]
	at javafx.fxml.FXMLLoader$ValueElement.processAttribute(FXMLLoader.java:927) ~[jfxrt.jar:?]
	... 23 more
2018-mai-10 10:42:08 [JavaFX Application Thread] FATAL levy.daniel.application.vues.desktop.metier.personne.PersonneVueFxml - Impossible de créer le personneAnchorPane à partir des fichiers XML
javafx.fxml.LoadException: 
/D:/Donnees/eclipse/eclipseworkspace_oxygen/adresses_javafx/target/classes/levy/daniel/application/vues/desktop/metier/personne/PersonneVue.fxml:16

	at javafx.fxml.FXMLLoader.constructLoadException(FXMLLoader.java:2601) ~[jfxrt.jar:?]
	at javafx.fxml.FXMLLoader.access$700(FXMLLoader.java:103) ~[jfxrt.jar:?]
	at javafx.fxml.FXMLLoader$ValueElement.processAttribute(FXMLLoader.java:932) ~[jfxrt.jar:?]
	at javafx.fxml.FXMLLoader$InstanceDeclarationElement.processAttribute(FXMLLoader.java:971) ~[jfxrt.jar:?]
	at javafx.fxml.FXMLLoader$Element.processStartElement(FXMLLoader.java:220) ~[jfxrt.jar:?]
	at javafx.fxml.FXMLLoader$ValueElement.processStartElement(FXMLLoader.java:744) ~[jfxrt.jar:?]
	at javafx.fxml.FXMLLoader.processStartElement(FXMLLoader.java:2707) ~[jfxrt.jar:?]
	at javafx.fxml.FXMLLoader.loadImpl(FXMLLoader.java:2527) ~[jfxrt.jar:?]
	at javafx.fxml.FXMLLoader.loadImpl(FXMLLoader.java:2441) ~[jfxrt.jar:?]
	at javafx.fxml.FXMLLoader.load(FXMLLoader.java:2409) ~[jfxrt.jar:?]
	at levy.daniel.application.vues.desktop.metier.personne.PersonneVueFxml.dessiner(PersonneVueFxml.java:109) ~[classes/:?]
	at levy.daniel.application.vues.desktop.metier.personne.PersonneVueFxml.<init>(PersonneVueFxml.java:77) ~[classes/:?]
	at levy.daniel.application.controllers.desktop.accueil.impl.AccueilController.dessinerVueAnchorPanePersonne(AccueilController.java:142) ~[classes/:?]
	at levy.daniel.application.controllers.desktop.accueil.impl.AccueilController.preparerSceneAccueil(AccueilController.java:124) ~[classes/:?]
	at levy.daniel.application.controllers.desktop.accueil.impl.AccueilController.<init>(AccueilController.java:102) ~[classes/:?]
	at levy.daniel.application.MainApplication.initRootLayout(MainApplication.java:140) ~[classes/:?]
	at levy.daniel.application.MainApplication.start(MainApplication.java:93) ~[classes/:?]
	at com.sun.javafx.application.LauncherImpl.lambda$launchApplication1$162(LauncherImpl.java:863) ~[jfxrt.jar:?]
	at com.sun.javafx.application.PlatformImpl.lambda$runAndWait$175(PlatformImpl.java:326) ~[jfxrt.jar:?]
	at com.sun.javafx.application.PlatformImpl.lambda$null$173(PlatformImpl.java:295) ~[jfxrt.jar:?]
	at java.security.AccessController.doPrivileged(Native Method) ~[?:1.8.0_144]
	at com.sun.javafx.application.PlatformImpl.lambda$runLater$174(PlatformImpl.java:294) ~[jfxrt.jar:?]
	at com.sun.glass.ui.InvokeLaterDispatcher$Future.run(InvokeLaterDispatcher.java:95) ~[jfxrt.jar:?]
	at com.sun.glass.ui.win.WinApplication._runLoop(Native Method) ~[jfxrt.jar:?]
	at com.sun.glass.ui.win.WinApplication.lambda$null$148(WinApplication.java:191) ~[jfxrt.jar:?]
	at java.lang.Thread.run(Thread.java:748) [?:1.8.0_144]
Caused by: java.lang.InstantiationException: levy.daniel.application.controllers.desktop.metier.personne.impl.ListePersonnesController
	at java.lang.Class.newInstance(Class.java:427) ~[?:1.8.0_144]
	at sun.reflect.misc.ReflectUtil.newInstance(ReflectUtil.java:51) ~[?:1.8.0_144]
	at javafx.fxml.FXMLLoader$ValueElement.processAttribute(FXMLLoader.java:927) ~[jfxrt.jar:?]
	... 23 more
Caused by: java.lang.NoSuchMethodException: levy.daniel.application.controllers.desktop.metier.personne.impl.ListePersonnesController.<init>()
	at java.lang.Class.getConstructor0(Class.java:3082) ~[?:1.8.0_144]
	at java.lang.Class.newInstance(Class.java:412) ~[?:1.8.0_144]
	at sun.reflect.misc.ReflectUtil.newInstance(ReflectUtil.java:51) ~[?:1.8.0_144]
	at javafx.fxml.FXMLLoader$ValueElement.processAttribute(FXMLLoader.java:927) ~[jfxrt.jar:?]
	... 23 more
2018-mai-10 10:43:43 [JavaFX Application Thread] FATAL levy.daniel.application.vues.desktop.metier.personne.PersonneVueFxml - Impossible de créer le personneAnchorPane à partir des fichiers XML
javafx.fxml.LoadException: 
/D:/Donnees/eclipse/eclipseworkspace_oxygen/adresses_javafx/target/classes/levy/daniel/application/vues/desktop/metier/personne/PersonneVue.fxml:16

	at javafx.fxml.FXMLLoader.constructLoadException(FXMLLoader.java:2601) ~[jfxrt.jar:?]
	at javafx.fxml.FXMLLoader.access$700(FXMLLoader.java:103) ~[jfxrt.jar:?]
	at javafx.fxml.FXMLLoader$ValueElement.processAttribute(FXMLLoader.java:932) ~[jfxrt.jar:?]
	at javafx.fxml.FXMLLoader$InstanceDeclarationElement.processAttribute(FXMLLoader.java:971) ~[jfxrt.jar:?]
	at javafx.fxml.FXMLLoader$Element.processStartElement(FXMLLoader.java:220) ~[jfxrt.jar:?]
	at javafx.fxml.FXMLLoader$ValueElement.processStartElement(FXMLLoader.java:744) ~[jfxrt.jar:?]
	at javafx.fxml.FXMLLoader.processStartElement(FXMLLoader.java:2707) ~[jfxrt.jar:?]
	at javafx.fxml.FXMLLoader.loadImpl(FXMLLoader.java:2527) ~[jfxrt.jar:?]
	at javafx.fxml.FXMLLoader.loadImpl(FXMLLoader.java:2441) ~[jfxrt.jar:?]
	at javafx.fxml.FXMLLoader.load(FXMLLoader.java:2409) ~[jfxrt.jar:?]
	at levy.daniel.application.vues.desktop.metier.personne.PersonneVueFxml.dessiner(PersonneVueFxml.java:109) ~[classes/:?]
	at levy.daniel.application.vues.desktop.metier.personne.PersonneVueFxml.<init>(PersonneVueFxml.java:77) ~[classes/:?]
	at levy.daniel.application.controllers.desktop.accueil.impl.AccueilController.dessinerVueAnchorPanePersonne(AccueilController.java:142) ~[classes/:?]
	at levy.daniel.application.controllers.desktop.accueil.impl.AccueilController.preparerSceneAccueil(AccueilController.java:124) ~[classes/:?]
	at levy.daniel.application.controllers.desktop.accueil.impl.AccueilController.<init>(AccueilController.java:102) ~[classes/:?]
	at levy.daniel.application.MainApplication.initRootLayout(MainApplication.java:140) ~[classes/:?]
	at levy.daniel.application.MainApplication.start(MainApplication.java:93) ~[classes/:?]
	at com.sun.javafx.application.LauncherImpl.lambda$launchApplication1$162(LauncherImpl.java:863) ~[jfxrt.jar:?]
	at com.sun.javafx.application.PlatformImpl.lambda$runAndWait$175(PlatformImpl.java:326) ~[jfxrt.jar:?]
	at com.sun.javafx.application.PlatformImpl.lambda$null$173(PlatformImpl.java:295) ~[jfxrt.jar:?]
	at java.security.AccessController.doPrivileged(Native Method) ~[?:1.8.0_144]
	at com.sun.javafx.application.PlatformImpl.lambda$runLater$174(PlatformImpl.java:294) ~[jfxrt.jar:?]
	at com.sun.glass.ui.InvokeLaterDispatcher$Future.run(InvokeLaterDispatcher.java:95) ~[jfxrt.jar:?]
	at com.sun.glass.ui.win.WinApplication._runLoop(Native Method) ~[jfxrt.jar:?]
	at com.sun.glass.ui.win.WinApplication.lambda$null$148(WinApplication.java:191) ~[jfxrt.jar:?]
	at java.lang.Thread.run(Thread.java:748) [?:1.8.0_144]
Caused by: java.lang.InstantiationException: levy.daniel.application.controllers.desktop.metier.personne.impl.ListePersonnesController
	at java.lang.Class.newInstance(Class.java:427) ~[?:1.8.0_144]
	at sun.reflect.misc.ReflectUtil.newInstance(ReflectUtil.java:51) ~[?:1.8.0_144]
	at javafx.fxml.FXMLLoader$ValueElement.processAttribute(FXMLLoader.java:927) ~[jfxrt.jar:?]
	... 23 more
Caused by: java.lang.NoSuchMethodException: levy.daniel.application.controllers.desktop.metier.personne.impl.ListePersonnesController.<init>()
	at java.lang.Class.getConstructor0(Class.java:3082) ~[?:1.8.0_144]
	at java.lang.Class.newInstance(Class.java:412) ~[?:1.8.0_144]
	at sun.reflect.misc.ReflectUtil.newInstance(ReflectUtil.java:51) ~[?:1.8.0_144]
	at javafx.fxml.FXMLLoader$ValueElement.processAttribute(FXMLLoader.java:927) ~[jfxrt.jar:?]
	... 23 more
2018-mai-10 10:44:58 [JavaFX Application Thread] FATAL levy.daniel.application.vues.desktop.metier.personne.PersonneVueFxml - Impossible de créer le personneAnchorPane à partir des fichiers XML
javafx.fxml.LoadException: 
/D:/Donnees/eclipse/eclipseworkspace_oxygen/adresses_javafx/target/classes/levy/daniel/application/vues/desktop/metier/personne/PersonneVue.fxml:16

	at javafx.fxml.FXMLLoader.constructLoadException(FXMLLoader.java:2601) ~[jfxrt.jar:?]
	at javafx.fxml.FXMLLoader.access$700(FXMLLoader.java:103) ~[jfxrt.jar:?]
	at javafx.fxml.FXMLLoader$ValueElement.processAttribute(FXMLLoader.java:922) ~[jfxrt.jar:?]
	at javafx.fxml.FXMLLoader$InstanceDeclarationElement.processAttribute(FXMLLoader.java:971) ~[jfxrt.jar:?]
	at javafx.fxml.FXMLLoader$Element.processStartElement(FXMLLoader.java:220) ~[jfxrt.jar:?]
	at javafx.fxml.FXMLLoader$ValueElement.processStartElement(FXMLLoader.java:744) ~[jfxrt.jar:?]
	at javafx.fxml.FXMLLoader.processStartElement(FXMLLoader.java:2707) ~[jfxrt.jar:?]
	at javafx.fxml.FXMLLoader.loadImpl(FXMLLoader.java:2527) ~[jfxrt.jar:?]
	at javafx.fxml.FXMLLoader.loadImpl(FXMLLoader.java:2441) ~[jfxrt.jar:?]
	at javafx.fxml.FXMLLoader.load(FXMLLoader.java:2409) ~[jfxrt.jar:?]
	at levy.daniel.application.vues.desktop.metier.personne.PersonneVueFxml.dessiner(PersonneVueFxml.java:109) ~[classes/:?]
	at levy.daniel.application.vues.desktop.metier.personne.PersonneVueFxml.<init>(PersonneVueFxml.java:77) ~[classes/:?]
	at levy.daniel.application.controllers.desktop.accueil.impl.AccueilController.dessinerVueAnchorPanePersonne(AccueilController.java:142) ~[classes/:?]
	at levy.daniel.application.controllers.desktop.accueil.impl.AccueilController.preparerSceneAccueil(AccueilController.java:124) ~[classes/:?]
	at levy.daniel.application.controllers.desktop.accueil.impl.AccueilController.<init>(AccueilController.java:102) ~[classes/:?]
	at levy.daniel.application.MainApplication.initRootLayout(MainApplication.java:140) ~[classes/:?]
	at levy.daniel.application.MainApplication.start(MainApplication.java:93) ~[classes/:?]
	at com.sun.javafx.application.LauncherImpl.lambda$launchApplication1$162(LauncherImpl.java:863) ~[jfxrt.jar:?]
	at com.sun.javafx.application.PlatformImpl.lambda$runAndWait$175(PlatformImpl.java:326) ~[jfxrt.jar:?]
	at com.sun.javafx.application.PlatformImpl.lambda$null$173(PlatformImpl.java:295) ~[jfxrt.jar:?]
	at java.security.AccessController.doPrivileged(Native Method) ~[?:1.8.0_144]
	at com.sun.javafx.application.PlatformImpl.lambda$runLater$174(PlatformImpl.java:294) ~[jfxrt.jar:?]
	at com.sun.glass.ui.InvokeLaterDispatcher$Future.run(InvokeLaterDispatcher.java:95) ~[jfxrt.jar:?]
	at com.sun.glass.ui.win.WinApplication._runLoop(Native Method) ~[jfxrt.jar:?]
	at com.sun.glass.ui.win.WinApplication.lambda$null$148(WinApplication.java:191) ~[jfxrt.jar:?]
	at java.lang.Thread.run(Thread.java:748) [?:1.8.0_144]
Caused by: java.lang.ClassNotFoundException: 
	at java.net.URLClassLoader.findClass(URLClassLoader.java:381) ~[?:1.8.0_144]
	at java.lang.ClassLoader.loadClass(ClassLoader.java:424) ~[?:1.8.0_144]
	at sun.misc.Launcher$AppClassLoader.loadClass(Launcher.java:335) ~[?:1.8.0_144]
	at java.lang.ClassLoader.loadClass(ClassLoader.java:357) ~[?:1.8.0_144]
	at javafx.fxml.FXMLLoader$ValueElement.processAttribute(FXMLLoader.java:920) ~[jfxrt.jar:?]
	... 23 more
2018-mai-10 10:45:34 [JavaFX Application Thread] FATAL levy.daniel.application.vues.desktop.metier.personne.PersonneVueFxml - Impossible de créer le personneAnchorPane à partir des fichiers XML
javafx.fxml.LoadException: 
/D:/Donnees/eclipse/eclipseworkspace_oxygen/adresses_javafx/target/classes/levy/daniel/application/vues/desktop/metier/personne/PersonneVue.fxml:16

	at javafx.fxml.FXMLLoader.constructLoadException(FXMLLoader.java:2601) ~[jfxrt.jar:?]
	at javafx.fxml.FXMLLoader.access$700(FXMLLoader.java:103) ~[jfxrt.jar:?]
	at javafx.fxml.FXMLLoader$ValueElement.processAttribute(FXMLLoader.java:922) ~[jfxrt.jar:?]
	at javafx.fxml.FXMLLoader$InstanceDeclarationElement.processAttribute(FXMLLoader.java:971) ~[jfxrt.jar:?]
	at javafx.fxml.FXMLLoader$Element.processStartElement(FXMLLoader.java:220) ~[jfxrt.jar:?]
	at javafx.fxml.FXMLLoader$ValueElement.processStartElement(FXMLLoader.java:744) ~[jfxrt.jar:?]
	at javafx.fxml.FXMLLoader.processStartElement(FXMLLoader.java:2707) ~[jfxrt.jar:?]
	at javafx.fxml.FXMLLoader.loadImpl(FXMLLoader.java:2527) ~[jfxrt.jar:?]
	at javafx.fxml.FXMLLoader.loadImpl(FXMLLoader.java:2441) ~[jfxrt.jar:?]
	at javafx.fxml.FXMLLoader.load(FXMLLoader.java:2409) ~[jfxrt.jar:?]
	at levy.daniel.application.vues.desktop.metier.personne.PersonneVueFxml.dessiner(PersonneVueFxml.java:109) ~[classes/:?]
	at levy.daniel.application.vues.desktop.metier.personne.PersonneVueFxml.<init>(PersonneVueFxml.java:77) ~[classes/:?]
	at levy.daniel.application.controllers.desktop.accueil.impl.AccueilController.dessinerVueAnchorPanePersonne(AccueilController.java:142) ~[classes/:?]
	at levy.daniel.application.controllers.desktop.accueil.impl.AccueilController.preparerSceneAccueil(AccueilController.java:124) ~[classes/:?]
	at levy.daniel.application.controllers.desktop.accueil.impl.AccueilController.<init>(AccueilController.java:102) ~[classes/:?]
	at levy.daniel.application.MainApplication.initRootLayout(MainApplication.java:140) ~[classes/:?]
	at levy.daniel.application.MainApplication.start(MainApplication.java:93) ~[classes/:?]
	at com.sun.javafx.application.LauncherImpl.lambda$launchApplication1$162(LauncherImpl.java:863) ~[jfxrt.jar:?]
	at com.sun.javafx.application.PlatformImpl.lambda$runAndWait$175(PlatformImpl.java:326) ~[jfxrt.jar:?]
	at com.sun.javafx.application.PlatformImpl.lambda$null$173(PlatformImpl.java:295) ~[jfxrt.jar:?]
	at java.security.AccessController.doPrivileged(Native Method) ~[?:1.8.0_144]
	at com.sun.javafx.application.PlatformImpl.lambda$runLater$174(PlatformImpl.java:294) ~[jfxrt.jar:?]
	at com.sun.glass.ui.InvokeLaterDispatcher$Future.run(InvokeLaterDispatcher.java:95) ~[jfxrt.jar:?]
	at com.sun.glass.ui.win.WinApplication._runLoop(Native Method) ~[jfxrt.jar:?]
	at com.sun.glass.ui.win.WinApplication.lambda$null$148(WinApplication.java:191) ~[jfxrt.jar:?]
	at java.lang.Thread.run(Thread.java:748) [?:1.8.0_144]
Caused by: java.lang.ClassNotFoundException: 
	at java.net.URLClassLoader.findClass(URLClassLoader.java:381) ~[?:1.8.0_144]
	at java.lang.ClassLoader.loadClass(ClassLoader.java:424) ~[?:1.8.0_144]
	at sun.misc.Launcher$AppClassLoader.loadClass(Launcher.java:335) ~[?:1.8.0_144]
	at java.lang.ClassLoader.loadClass(ClassLoader.java:357) ~[?:1.8.0_144]
	at javafx.fxml.FXMLLoader$ValueElement.processAttribute(FXMLLoader.java:920) ~[jfxrt.jar:?]
	... 23 more
2018-mai-10 19:06:09 [JavaFX Application Thread] FATAL levy.daniel.application.vues.desktop.metier.personne.PersonneVueFxml - Impossible de créer le personneAnchorPane à partir des fichiers XML
javafx.fxml.LoadException: 
/D:/Donnees/eclipse/eclipseworkspace_oxygen/adresses_javafx/target/classes/levy/daniel/application/vues/desktop/metier/personne/PersonneVue.fxml

	at javafx.fxml.FXMLLoader.constructLoadException(FXMLLoader.java:2601) ~[jfxrt.jar:?]
	at javafx.fxml.FXMLLoader.loadImpl(FXMLLoader.java:2571) ~[jfxrt.jar:?]
	at javafx.fxml.FXMLLoader.loadImpl(FXMLLoader.java:2441) ~[jfxrt.jar:?]
	at javafx.fxml.FXMLLoader.load(FXMLLoader.java:2409) ~[jfxrt.jar:?]
	at levy.daniel.application.vues.desktop.metier.personne.PersonneVueFxml.dessiner(PersonneVueFxml.java:120) ~[classes/:?]
	at levy.daniel.application.vues.desktop.metier.personne.PersonneVueFxml.<init>(PersonneVueFxml.java:88) ~[classes/:?]
	at levy.daniel.application.controllers.desktop.accueil.impl.AccueilController.dessinerVueAnchorPanePersonne(AccueilController.java:169) ~[classes/:?]
	at levy.daniel.application.controllers.desktop.accueil.impl.AccueilController.preparerSceneAccueil(AccueilController.java:146) ~[classes/:?]
	at levy.daniel.application.controllers.desktop.accueil.impl.AccueilController.<init>(AccueilController.java:124) ~[classes/:?]
	at levy.daniel.application.MainApplication.initRootLayout(MainApplication.java:165) ~[classes/:?]
	at levy.daniel.application.MainApplication.start(MainApplication.java:107) ~[classes/:?]
	at com.sun.javafx.application.LauncherImpl.lambda$launchApplication1$162(LauncherImpl.java:863) ~[jfxrt.jar:?]
	at com.sun.javafx.application.PlatformImpl.lambda$runAndWait$175(PlatformImpl.java:326) ~[jfxrt.jar:?]
	at com.sun.javafx.application.PlatformImpl.lambda$null$173(PlatformImpl.java:295) ~[jfxrt.jar:?]
	at java.security.AccessController.doPrivileged(Native Method) ~[?:1.8.0_144]
	at com.sun.javafx.application.PlatformImpl.lambda$runLater$174(PlatformImpl.java:294) ~[jfxrt.jar:?]
	at com.sun.glass.ui.InvokeLaterDispatcher$Future.run(InvokeLaterDispatcher.java:95) ~[jfxrt.jar:?]
	at com.sun.glass.ui.win.WinApplication._runLoop(Native Method) ~[jfxrt.jar:?]
	at com.sun.glass.ui.win.WinApplication.lambda$null$148(WinApplication.java:191) ~[jfxrt.jar:?]
	at java.lang.Thread.run(Thread.java:748) [?:1.8.0_144]
Caused by: java.lang.reflect.InvocationTargetException
	at sun.reflect.NativeMethodAccessorImpl.invoke0(Native Method) ~[?:1.8.0_144]
	at sun.reflect.NativeMethodAccessorImpl.invoke(NativeMethodAccessorImpl.java:62) ~[?:1.8.0_144]
	at sun.reflect.DelegatingMethodAccessorImpl.invoke(DelegatingMethodAccessorImpl.java:43) ~[?:1.8.0_144]
	at java.lang.reflect.Method.invoke(Method.java:498) ~[?:1.8.0_144]
	at sun.reflect.misc.Trampoline.invoke(MethodUtil.java:71) ~[?:1.8.0_144]
	at sun.reflect.GeneratedMethodAccessor3.invoke(Unknown Source) ~[?:?]
	at sun.reflect.DelegatingMethodAccessorImpl.invoke(DelegatingMethodAccessorImpl.java:43) ~[?:1.8.0_144]
	at java.lang.reflect.Method.invoke(Method.java:498) ~[?:1.8.0_144]
	at sun.reflect.misc.MethodUtil.invoke(MethodUtil.java:275) ~[?:1.8.0_144]
	at javafx.fxml.FXMLLoader.loadImpl(FXMLLoader.java:2566) ~[jfxrt.jar:?]
	... 18 more
Caused by: java.lang.NullPointerException
	at levy.daniel.application.controllers.desktop.metier.personne.impl.PersonneVueController.initialize(PersonneVueController.java:158) ~[classes/:?]
	at sun.reflect.NativeMethodAccessorImpl.invoke0(Native Method) ~[?:1.8.0_144]
	at sun.reflect.NativeMethodAccessorImpl.invoke(NativeMethodAccessorImpl.java:62) ~[?:1.8.0_144]
	at sun.reflect.DelegatingMethodAccessorImpl.invoke(DelegatingMethodAccessorImpl.java:43) ~[?:1.8.0_144]
	at java.lang.reflect.Method.invoke(Method.java:498) ~[?:1.8.0_144]
	at sun.reflect.misc.Trampoline.invoke(MethodUtil.java:71) ~[?:1.8.0_144]
	at sun.reflect.GeneratedMethodAccessor3.invoke(Unknown Source) ~[?:?]
	at sun.reflect.DelegatingMethodAccessorImpl.invoke(DelegatingMethodAccessorImpl.java:43) ~[?:1.8.0_144]
	at java.lang.reflect.Method.invoke(Method.java:498) ~[?:1.8.0_144]
	at sun.reflect.misc.MethodUtil.invoke(MethodUtil.java:275) ~[?:1.8.0_144]
	at javafx.fxml.FXMLLoader.loadImpl(FXMLLoader.java:2566) ~[jfxrt.jar:?]
	... 18 more
2018-mai-28 10:11:26 [main] FATAL levy.daniel.application.model.dao.JPAUtils - Classe JPAUtils - Méthode getEntityManagerFactory() - IMPOSSIBLE D'ACCEDER AU SERVEUR DE BD
javax.persistence.PersistenceException: Anormalement long
	at levy.daniel.application.model.dao.JPAUtils.getEntityManagerFactory(JPAUtils.java:301) [classes/:?]
	at levy.daniel.application.model.dao.JPAUtils.getProperties(JPAUtils.java:344) [classes/:?]
	at levy.daniel.application.model.dao.JPAUtilsTest.testGetProperties(JPAUtilsTest.java:165) [test-classes/:?]
	at sun.reflect.NativeMethodAccessorImpl.invoke0(Native Method) ~[?:1.8.0_172]
	at sun.reflect.NativeMethodAccessorImpl.invoke(NativeMethodAccessorImpl.java:62) ~[?:1.8.0_172]
	at sun.reflect.DelegatingMethodAccessorImpl.invoke(DelegatingMethodAccessorImpl.java:43) ~[?:1.8.0_172]
	at java.lang.reflect.Method.invoke(Method.java:498) ~[?:1.8.0_172]
	at org.junit.runners.model.FrameworkMethod$1.runReflectiveCall(FrameworkMethod.java:50) [junit-4.12.jar:4.12]
	at org.junit.internal.runners.model.ReflectiveCallable.run(ReflectiveCallable.java:12) [junit-4.12.jar:4.12]
	at org.junit.runners.model.FrameworkMethod.invokeExplosively(FrameworkMethod.java:47) [junit-4.12.jar:4.12]
	at org.junit.internal.runners.statements.InvokeMethod.evaluate(InvokeMethod.java:17) [junit-4.12.jar:4.12]
	at org.junit.runners.ParentRunner.runLeaf(ParentRunner.java:325) [junit-4.12.jar:4.12]
	at org.junit.runners.BlockJUnit4ClassRunner.runChild(BlockJUnit4ClassRunner.java:78) [junit-4.12.jar:4.12]
	at org.junit.runners.BlockJUnit4ClassRunner.runChild(BlockJUnit4ClassRunner.java:57) [junit-4.12.jar:4.12]
	at org.junit.runners.ParentRunner$3.run(ParentRunner.java:290) [junit-4.12.jar:4.12]
	at org.junit.runners.ParentRunner$1.schedule(ParentRunner.java:71) [junit-4.12.jar:4.12]
	at org.junit.runners.ParentRunner.runChildren(ParentRunner.java:288) [junit-4.12.jar:4.12]
	at org.junit.runners.ParentRunner.access$000(ParentRunner.java:58) [junit-4.12.jar:4.12]
	at org.junit.runners.ParentRunner$2.evaluate(ParentRunner.java:268) [junit-4.12.jar:4.12]
	at org.junit.runners.ParentRunner.run(ParentRunner.java:363) [junit-4.12.jar:4.12]
	at org.eclipse.jdt.internal.junit4.runner.JUnit4TestReference.run(JUnit4TestReference.java:86) [.cp/:?]
	at org.eclipse.jdt.internal.junit.runner.TestExecution.run(TestExecution.java:38) [.cp/:?]
	at org.eclipse.jdt.internal.junit.runner.RemoteTestRunner.runTests(RemoteTestRunner.java:538) [.cp/:?]
	at org.eclipse.jdt.internal.junit.runner.RemoteTestRunner.runTests(RemoteTestRunner.java:760) [.cp/:?]
	at org.eclipse.jdt.internal.junit.runner.RemoteTestRunner.run(RemoteTestRunner.java:460) [.cp/:?]
	at org.eclipse.jdt.internal.junit.runner.RemoteTestRunner.main(RemoteTestRunner.java:206) [.cp/:?]
2018-mai-28 10:12:13 [main] FATAL levy.daniel.application.model.dao.JPAUtils - Classe JPAUtils - Méthode getEntityManagerFactory() - IMPOSSIBLE D'ACCEDER AU SERVEUR DE BD
javax.persistence.PersistenceException: Anormalement long
	at levy.daniel.application.model.dao.JPAUtils.getEntityManagerFactory(JPAUtils.java:301) [classes/:?]
	at levy.daniel.application.model.dao.JPAUtils.getProperties(JPAUtils.java:344) [classes/:?]
	at levy.daniel.application.model.dao.JPAUtilsTest.testGetProperties(JPAUtilsTest.java:165) [test-classes/:?]
	at sun.reflect.NativeMethodAccessorImpl.invoke0(Native Method) ~[?:1.8.0_172]
	at sun.reflect.NativeMethodAccessorImpl.invoke(NativeMethodAccessorImpl.java:62) ~[?:1.8.0_172]
	at sun.reflect.DelegatingMethodAccessorImpl.invoke(DelegatingMethodAccessorImpl.java:43) ~[?:1.8.0_172]
	at java.lang.reflect.Method.invoke(Method.java:498) ~[?:1.8.0_172]
	at org.junit.runners.model.FrameworkMethod$1.runReflectiveCall(FrameworkMethod.java:50) [junit-4.12.jar:4.12]
	at org.junit.internal.runners.model.ReflectiveCallable.run(ReflectiveCallable.java:12) [junit-4.12.jar:4.12]
	at org.junit.runners.model.FrameworkMethod.invokeExplosively(FrameworkMethod.java:47) [junit-4.12.jar:4.12]
	at org.junit.internal.runners.statements.InvokeMethod.evaluate(InvokeMethod.java:17) [junit-4.12.jar:4.12]
	at org.junit.runners.ParentRunner.runLeaf(ParentRunner.java:325) [junit-4.12.jar:4.12]
	at org.junit.runners.BlockJUnit4ClassRunner.runChild(BlockJUnit4ClassRunner.java:78) [junit-4.12.jar:4.12]
	at org.junit.runners.BlockJUnit4ClassRunner.runChild(BlockJUnit4ClassRunner.java:57) [junit-4.12.jar:4.12]
	at org.junit.runners.ParentRunner$3.run(ParentRunner.java:290) [junit-4.12.jar:4.12]
	at org.junit.runners.ParentRunner$1.schedule(ParentRunner.java:71) [junit-4.12.jar:4.12]
	at org.junit.runners.ParentRunner.runChildren(ParentRunner.java:288) [junit-4.12.jar:4.12]
	at org.junit.runners.ParentRunner.access$000(ParentRunner.java:58) [junit-4.12.jar:4.12]
	at org.junit.runners.ParentRunner$2.evaluate(ParentRunner.java:268) [junit-4.12.jar:4.12]
	at org.junit.runners.ParentRunner.run(ParentRunner.java:363) [junit-4.12.jar:4.12]
	at org.eclipse.jdt.internal.junit4.runner.JUnit4TestReference.run(JUnit4TestReference.java:86) [.cp/:?]
	at org.eclipse.jdt.internal.junit.runner.TestExecution.run(TestExecution.java:38) [.cp/:?]
	at org.eclipse.jdt.internal.junit.runner.RemoteTestRunner.runTests(RemoteTestRunner.java:538) [.cp/:?]
	at org.eclipse.jdt.internal.junit.runner.RemoteTestRunner.runTests(RemoteTestRunner.java:760) [.cp/:?]
	at org.eclipse.jdt.internal.junit.runner.RemoteTestRunner.run(RemoteTestRunner.java:460) [.cp/:?]
	at org.eclipse.jdt.internal.junit.runner.RemoteTestRunner.main(RemoteTestRunner.java:206) [.cp/:?]
2018-mai-28 10:13:29 [main] FATAL levy.daniel.application.model.dao.JPAUtils - Classe JPAUtils - Méthode getEntityManagerFactory() - IMPOSSIBLE D'ACCEDER AU SERVEUR DE BD
javax.persistence.PersistenceException: Anormalement long
	at levy.daniel.application.model.dao.JPAUtils.getEntityManagerFactory(JPAUtils.java:303) [classes/:?]
	at levy.daniel.application.model.dao.JPAUtils.getProperties(JPAUtils.java:346) [classes/:?]
	at levy.daniel.application.model.dao.JPAUtilsTest.testGetProperties(JPAUtilsTest.java:165) [test-classes/:?]
	at sun.reflect.NativeMethodAccessorImpl.invoke0(Native Method) ~[?:1.8.0_172]
	at sun.reflect.NativeMethodAccessorImpl.invoke(NativeMethodAccessorImpl.java:62) ~[?:1.8.0_172]
	at sun.reflect.DelegatingMethodAccessorImpl.invoke(DelegatingMethodAccessorImpl.java:43) ~[?:1.8.0_172]
	at java.lang.reflect.Method.invoke(Method.java:498) ~[?:1.8.0_172]
	at org.junit.runners.model.FrameworkMethod$1.runReflectiveCall(FrameworkMethod.java:50) [junit-4.12.jar:4.12]
	at org.junit.internal.runners.model.ReflectiveCallable.run(ReflectiveCallable.java:12) [junit-4.12.jar:4.12]
	at org.junit.runners.model.FrameworkMethod.invokeExplosively(FrameworkMethod.java:47) [junit-4.12.jar:4.12]
	at org.junit.internal.runners.statements.InvokeMethod.evaluate(InvokeMethod.java:17) [junit-4.12.jar:4.12]
	at org.junit.runners.ParentRunner.runLeaf(ParentRunner.java:325) [junit-4.12.jar:4.12]
	at org.junit.runners.BlockJUnit4ClassRunner.runChild(BlockJUnit4ClassRunner.java:78) [junit-4.12.jar:4.12]
	at org.junit.runners.BlockJUnit4ClassRunner.runChild(BlockJUnit4ClassRunner.java:57) [junit-4.12.jar:4.12]
	at org.junit.runners.ParentRunner$3.run(ParentRunner.java:290) [junit-4.12.jar:4.12]
	at org.junit.runners.ParentRunner$1.schedule(ParentRunner.java:71) [junit-4.12.jar:4.12]
	at org.junit.runners.ParentRunner.runChildren(ParentRunner.java:288) [junit-4.12.jar:4.12]
	at org.junit.runners.ParentRunner.access$000(ParentRunner.java:58) [junit-4.12.jar:4.12]
	at org.junit.runners.ParentRunner$2.evaluate(ParentRunner.java:268) [junit-4.12.jar:4.12]
	at org.junit.runners.ParentRunner.run(ParentRunner.java:363) [junit-4.12.jar:4.12]
	at org.eclipse.jdt.internal.junit4.runner.JUnit4TestReference.run(JUnit4TestReference.java:86) [.cp/:?]
	at org.eclipse.jdt.internal.junit.runner.TestExecution.run(TestExecution.java:38) [.cp/:?]
	at org.eclipse.jdt.internal.junit.runner.RemoteTestRunner.runTests(RemoteTestRunner.java:538) [.cp/:?]
	at org.eclipse.jdt.internal.junit.runner.RemoteTestRunner.runTests(RemoteTestRunner.java:760) [.cp/:?]
	at org.eclipse.jdt.internal.junit.runner.RemoteTestRunner.run(RemoteTestRunner.java:460) [.cp/:?]
	at org.eclipse.jdt.internal.junit.runner.RemoteTestRunner.main(RemoteTestRunner.java:206) [.cp/:?]
2018-mai-28 10:15:06 [main] FATAL levy.daniel.application.model.dao.JPAUtils - Classe JPAUtils - Méthode getEntityManagerFactory() - IMPOSSIBLE D'ACCEDER AU SERVEUR DE BD
javax.persistence.PersistenceException: Anormalement long
	at levy.daniel.application.model.dao.JPAUtils.getEntityManagerFactory(JPAUtils.java:306) [classes/:?]
	at levy.daniel.application.model.dao.JPAUtils.getProperties(JPAUtils.java:349) [classes/:?]
	at levy.daniel.application.model.dao.JPAUtilsTest.testGetProperties(JPAUtilsTest.java:165) [test-classes/:?]
	at sun.reflect.NativeMethodAccessorImpl.invoke0(Native Method) ~[?:1.8.0_172]
	at sun.reflect.NativeMethodAccessorImpl.invoke(NativeMethodAccessorImpl.java:62) ~[?:1.8.0_172]
	at sun.reflect.DelegatingMethodAccessorImpl.invoke(DelegatingMethodAccessorImpl.java:43) ~[?:1.8.0_172]
	at java.lang.reflect.Method.invoke(Method.java:498) ~[?:1.8.0_172]
	at org.junit.runners.model.FrameworkMethod$1.runReflectiveCall(FrameworkMethod.java:50) [junit-4.12.jar:4.12]
	at org.junit.internal.runners.model.ReflectiveCallable.run(ReflectiveCallable.java:12) [junit-4.12.jar:4.12]
	at org.junit.runners.model.FrameworkMethod.invokeExplosively(FrameworkMethod.java:47) [junit-4.12.jar:4.12]
	at org.junit.internal.runners.statements.InvokeMethod.evaluate(InvokeMethod.java:17) [junit-4.12.jar:4.12]
	at org.junit.runners.ParentRunner.runLeaf(ParentRunner.java:325) [junit-4.12.jar:4.12]
	at org.junit.runners.BlockJUnit4ClassRunner.runChild(BlockJUnit4ClassRunner.java:78) [junit-4.12.jar:4.12]
	at org.junit.runners.BlockJUnit4ClassRunner.runChild(BlockJUnit4ClassRunner.java:57) [junit-4.12.jar:4.12]
	at org.junit.runners.ParentRunner$3.run(ParentRunner.java:290) [junit-4.12.jar:4.12]
	at org.junit.runners.ParentRunner$1.schedule(ParentRunner.java:71) [junit-4.12.jar:4.12]
	at org.junit.runners.ParentRunner.runChildren(ParentRunner.java:288) [junit-4.12.jar:4.12]
	at org.junit.runners.ParentRunner.access$000(ParentRunner.java:58) [junit-4.12.jar:4.12]
	at org.junit.runners.ParentRunner$2.evaluate(ParentRunner.java:268) [junit-4.12.jar:4.12]
	at org.junit.runners.ParentRunner.run(ParentRunner.java:363) [junit-4.12.jar:4.12]
	at org.eclipse.jdt.internal.junit4.runner.JUnit4TestReference.run(JUnit4TestReference.java:86) [.cp/:?]
	at org.eclipse.jdt.internal.junit.runner.TestExecution.run(TestExecution.java:38) [.cp/:?]
	at org.eclipse.jdt.internal.junit.runner.RemoteTestRunner.runTests(RemoteTestRunner.java:538) [.cp/:?]
	at org.eclipse.jdt.internal.junit.runner.RemoteTestRunner.runTests(RemoteTestRunner.java:760) [.cp/:?]
	at org.eclipse.jdt.internal.junit.runner.RemoteTestRunner.run(RemoteTestRunner.java:460) [.cp/:?]
	at org.eclipse.jdt.internal.junit.runner.RemoteTestRunner.main(RemoteTestRunner.java:206) [.cp/:?]
2018-mai-28 10:19:19 [main] FATAL levy.daniel.application.model.dao.JPAUtils - Classe JPAUtils - Méthode getEntityManagerFactory() - IMPOSSIBLE D'ACCEDER AU SERVEUR DE BD
javax.persistence.PersistenceException: No Persistence provider for EntityManager named persistence_unit_base-adresses_javafx
	at javax.persistence.Persistence.createEntityManagerFactory(Persistence.java:85) ~[javax.persistence-api-2.2.jar:2.2]
	at javax.persistence.Persistence.createEntityManagerFactory(Persistence.java:54) ~[javax.persistence-api-2.2.jar:2.2]
	at levy.daniel.application.model.dao.JPAUtils.getEntityManagerFactory(JPAUtils.java:295) [classes/:?]
	at levy.daniel.application.model.dao.JPAUtils.getProperties(JPAUtils.java:334) [classes/:?]
	at levy.daniel.application.model.dao.JPAUtilsTest.testGetProperties(JPAUtilsTest.java:165) [test-classes/:?]
	at sun.reflect.NativeMethodAccessorImpl.invoke0(Native Method) ~[?:1.8.0_172]
	at sun.reflect.NativeMethodAccessorImpl.invoke(NativeMethodAccessorImpl.java:62) ~[?:1.8.0_172]
	at sun.reflect.DelegatingMethodAccessorImpl.invoke(DelegatingMethodAccessorImpl.java:43) ~[?:1.8.0_172]
	at java.lang.reflect.Method.invoke(Method.java:498) ~[?:1.8.0_172]
	at org.junit.runners.model.FrameworkMethod$1.runReflectiveCall(FrameworkMethod.java:50) [junit-4.12.jar:4.12]
	at org.junit.internal.runners.model.ReflectiveCallable.run(ReflectiveCallable.java:12) [junit-4.12.jar:4.12]
	at org.junit.runners.model.FrameworkMethod.invokeExplosively(FrameworkMethod.java:47) [junit-4.12.jar:4.12]
	at org.junit.internal.runners.statements.InvokeMethod.evaluate(InvokeMethod.java:17) [junit-4.12.jar:4.12]
	at org.junit.runners.ParentRunner.runLeaf(ParentRunner.java:325) [junit-4.12.jar:4.12]
	at org.junit.runners.BlockJUnit4ClassRunner.runChild(BlockJUnit4ClassRunner.java:78) [junit-4.12.jar:4.12]
	at org.junit.runners.BlockJUnit4ClassRunner.runChild(BlockJUnit4ClassRunner.java:57) [junit-4.12.jar:4.12]
	at org.junit.runners.ParentRunner$3.run(ParentRunner.java:290) [junit-4.12.jar:4.12]
	at org.junit.runners.ParentRunner$1.schedule(ParentRunner.java:71) [junit-4.12.jar:4.12]
	at org.junit.runners.ParentRunner.runChildren(ParentRunner.java:288) [junit-4.12.jar:4.12]
	at org.junit.runners.ParentRunner.access$000(ParentRunner.java:58) [junit-4.12.jar:4.12]
	at org.junit.runners.ParentRunner$2.evaluate(ParentRunner.java:268) [junit-4.12.jar:4.12]
	at org.junit.runners.ParentRunner.run(ParentRunner.java:363) [junit-4.12.jar:4.12]
	at org.eclipse.jdt.internal.junit4.runner.JUnit4TestReference.run(JUnit4TestReference.java:86) [.cp/:?]
	at org.eclipse.jdt.internal.junit.runner.TestExecution.run(TestExecution.java:38) [.cp/:?]
	at org.eclipse.jdt.internal.junit.runner.RemoteTestRunner.runTests(RemoteTestRunner.java:538) [.cp/:?]
	at org.eclipse.jdt.internal.junit.runner.RemoteTestRunner.runTests(RemoteTestRunner.java:760) [.cp/:?]
	at org.eclipse.jdt.internal.junit.runner.RemoteTestRunner.run(RemoteTestRunner.java:460) [.cp/:?]
	at org.eclipse.jdt.internal.junit.runner.RemoteTestRunner.main(RemoteTestRunner.java:206) [.cp/:?]
2018-mai-28 11:26:56 [main] FATAL levy.daniel.application.model.dao.JPAUtils - Classe JPAUtils - Méthode getEntityManagerFactory() - IMPOSSIBLE D'ACCEDER AU SERVEUR DE BD
javax.persistence.PersistenceException: No Persistence provider for EntityManager named persistence_unit_base-adresses_javafx
	at javax.persistence.Persistence.createEntityManagerFactory(Persistence.java:85) ~[javax.persistence-api-2.2.jar:2.2]
	at javax.persistence.Persistence.createEntityManagerFactory(Persistence.java:54) ~[javax.persistence-api-2.2.jar:2.2]
	at levy.daniel.application.model.dao.JPAUtils.getEntityManagerFactory(JPAUtils.java:295) [classes/:?]
	at levy.daniel.application.model.dao.JPAUtils.getProperties(JPAUtils.java:334) [classes/:?]
	at levy.daniel.application.model.dao.JPAUtilsTest.testGetProperties(JPAUtilsTest.java:165) [test-classes/:?]
	at sun.reflect.NativeMethodAccessorImpl.invoke0(Native Method) ~[?:1.8.0_172]
	at sun.reflect.NativeMethodAccessorImpl.invoke(NativeMethodAccessorImpl.java:62) ~[?:1.8.0_172]
	at sun.reflect.DelegatingMethodAccessorImpl.invoke(DelegatingMethodAccessorImpl.java:43) ~[?:1.8.0_172]
	at java.lang.reflect.Method.invoke(Method.java:498) ~[?:1.8.0_172]
	at org.junit.runners.model.FrameworkMethod$1.runReflectiveCall(FrameworkMethod.java:50) [junit-4.12.jar:4.12]
	at org.junit.internal.runners.model.ReflectiveCallable.run(ReflectiveCallable.java:12) [junit-4.12.jar:4.12]
	at org.junit.runners.model.FrameworkMethod.invokeExplosively(FrameworkMethod.java:47) [junit-4.12.jar:4.12]
	at org.junit.internal.runners.statements.InvokeMethod.evaluate(InvokeMethod.java:17) [junit-4.12.jar:4.12]
	at org.junit.runners.ParentRunner.runLeaf(ParentRunner.java:325) [junit-4.12.jar:4.12]
	at org.junit.runners.BlockJUnit4ClassRunner.runChild(BlockJUnit4ClassRunner.java:78) [junit-4.12.jar:4.12]
	at org.junit.runners.BlockJUnit4ClassRunner.runChild(BlockJUnit4ClassRunner.java:57) [junit-4.12.jar:4.12]
	at org.junit.runners.ParentRunner$3.run(ParentRunner.java:290) [junit-4.12.jar:4.12]
	at org.junit.runners.ParentRunner$1.schedule(ParentRunner.java:71) [junit-4.12.jar:4.12]
	at org.junit.runners.ParentRunner.runChildren(ParentRunner.java:288) [junit-4.12.jar:4.12]
	at org.junit.runners.ParentRunner.access$000(ParentRunner.java:58) [junit-4.12.jar:4.12]
	at org.junit.runners.ParentRunner$2.evaluate(ParentRunner.java:268) [junit-4.12.jar:4.12]
	at org.junit.runners.ParentRunner.run(ParentRunner.java:363) [junit-4.12.jar:4.12]
	at org.eclipse.jdt.internal.junit4.runner.JUnit4TestReference.run(JUnit4TestReference.java:86) [.cp/:?]
	at org.eclipse.jdt.internal.junit.runner.TestExecution.run(TestExecution.java:38) [.cp/:?]
	at org.eclipse.jdt.internal.junit.runner.RemoteTestRunner.runTests(RemoteTestRunner.java:538) [.cp/:?]
	at org.eclipse.jdt.internal.junit.runner.RemoteTestRunner.runTests(RemoteTestRunner.java:760) [.cp/:?]
	at org.eclipse.jdt.internal.junit.runner.RemoteTestRunner.run(RemoteTestRunner.java:460) [.cp/:?]
	at org.eclipse.jdt.internal.junit.runner.RemoteTestRunner.main(RemoteTestRunner.java:206) [.cp/:?]
